2024-07-24 18:42:16,165 - 月份 6.0 有 865251 条数据
2024-07-24 18:42:16,165 - 月份 7.0 有 30 条数据
2024-07-24 18:42:16,166 - 支付时间为空值的记录数：120121
2024-07-24 18:42:16,166 - 销量数据处理完成
2024-07-24 18:42:16,327 - 以下商品编码在快麦数据表中没有找到对应的商品名称，需要更新快麦表格：['\t' 'XGXT' 'ZDPFRG']
2024-07-24 18:42:16,328 - 快麦数据处理完成
2024-07-24 18:42:23,763 - 产品数据处理完成
2024-07-24 18:42:28,358 - 没有对应到的订单已经导出到 d:\git_try\try1\多推吧没有对应到的订单.xlsx
2024-07-24 18:42:28,380 - 刷单数据处理完成
2024-07-24 18:42:29,216 - 产品进价表未找到以下商品编码：['XGXT', 'XGXT', 'ZDPFRG', 'ZDPFRG', 'ZDPFRG', 'ZDPFRG', 'ZDPFRG', 'ZDPFRG', 'ZDPFRG', 'ZDPFRG']
2024-07-24 18:42:29,728 - 以下商品的拿货价格为空：['XGXT', 'XGXT', 'XDYW', 'XDYW', 'XDYW', 'XDYW', 'XDYW', 'XDYW', 'XDYW', 'XDYW', 'XDYW', 'XDYW', 'XDYW', 'XDYW', 'XDYW', 'XDYW', 'XDYW', 'XDYW', 'XDYW', 'XDYW', 'XDYW', 'XDYW', 'XDYW', 'XDYW', 'XDYW', 'XDYW', 'XDYW', 'XDYW', 'XDYW', 'XDYW', 'ZDPFRG', 'ZDPFRG', 'ZDPFRG', 'ZDPFRG', 'ZDPFRG', 'ZDPFRG', 'ZDPFRG', 'ZDPFRG']
2024-07-24 18:42:29,753 - 产品进价数据处理完成
2024-07-24 18:42:34,961 - 最终结果保存到 d:\git_try\try1\result.csv
2024-07-24 18:42:35,978 - 直通车数据处理完成，结果保存到 d:\git_try\try1\ztc_result.csv
2024-07-24 18:44:57,430 - 月份 6.0 有 865251 条数据
2024-07-24 18:44:57,430 - 月份 7.0 有 30 条数据
2024-07-24 18:44:57,430 - 支付时间为空值的记录数：120121
2024-07-24 18:44:57,431 - 销量数据处理完成
2024-07-24 18:44:57,585 - 以下商品编码在快麦数据表中没有找到对应的商品名称，需要更新快麦表格：['\t' 'XGXT' 'ZDPFRG']
2024-07-24 18:44:57,586 - 快麦数据处理完成
2024-07-24 18:45:04,911 - 产品数据处理完成
2024-07-24 18:45:09,368 - 没有对应到的订单已经导出到 d:\git_try\try1\多推吧没有对应到的订单.xlsx
2024-07-24 18:45:09,389 - 刷单数据处理完成
2024-07-24 18:45:10,186 - 产品进价表未找到以下商品编码：['XGXT', 'XGXT', 'ZDPFRG', 'ZDPFRG', 'ZDPFRG', 'ZDPFRG', 'ZDPFRG', 'ZDPFRG', 'ZDPFRG', 'ZDPFRG']
2024-07-24 18:45:10,690 - 以下商品的拿货价格为空：['XGXT', 'XGXT', 'XDYW', 'XDYW', 'XDYW', 'XDYW', 'XDYW', 'XDYW', 'XDYW', 'XDYW', 'XDYW', 'XDYW', 'XDYW', 'XDYW', 'XDYW', 'XDYW', 'XDYW', 'XDYW', 'XDYW', 'XDYW', 'XDYW', 'XDYW', 'XDYW', 'XDYW', 'XDYW', 'XDYW', 'XDYW', 'XDYW', 'XDYW', 'XDYW', 'ZDPFRG', 'ZDPFRG', 'ZDPFRG', 'ZDPFRG', 'ZDPFRG', 'ZDPFRG', 'ZDPFRG', 'ZDPFRG']
2024-07-24 18:45:10,714 - 产品进价数据处理完成
2024-07-24 18:45:15,755 - 最终结果保存到 d:\git_try\try1\result.csv
2024-07-24 18:45:16,760 - 直通车数据处理完成，结果保存到 d:\git_try\try1\ztc_result.csv
